24-02-07 06:52:07  -007  INFO com.extwebtech.registration.service.MobileLoginService[login] com.extwebtech.registration.service.MobileLoginService.login(MobileLoginService.java:198) Entering login method. 
24-02-07 06:52:07  -007  INFO com.extwebtech.registration.util.JWTService[generateToken] com.extwebtech.registration.util.JWTService.generateToken(JWTService.java:35) Token generated for: 2222222222 with role: 1, userId: 1, loginId: 14 
24-02-07 06:52:07  -007  INFO com.extwebtech.registration.service.MobileLoginService[login] com.extwebtech.registration.service.MobileLoginService.login(MobileLoginService.java:244) Exiting login method. 
24-02-07 06:52:22  -022  INFO com.extwebtech.registration.service.UserAddressService[findByUserId] com.extwebtech.registration.service.UserAddressService.findByUserId(UserAddressService.java:281) Starting {} method findByUserId 
24-02-07 06:52:22  -022  INFO com.extwebtech.registration.util.JWTService[extractClaims] com.extwebtech.registration.util.JWTService.extractClaims(JWTService.java:86) Claims extracted from token. 
24-02-07 06:52:22  -022  INFO com.extwebtech.registration.util.JWTService[isTokenExpired] com.extwebtech.registration.util.JWTService.isTokenExpired(JWTService.java:62) Token is still valid. 
24-02-07 06:52:22  -022  INFO com.extwebtech.registration.util.JWTService[extractClaims] com.extwebtech.registration.util.JWTService.extractClaims(JWTService.java:86) Claims extracted from token. 
24-02-07 06:52:22  -022  INFO com.extwebtech.registration.util.JWTService[extractUserId] com.extwebtech.registration.util.JWTService.extractUserId(JWTService.java:100) Extracted user ID from token: 1 
24-02-07 06:52:22  -022  INFO com.extwebtech.registration.util.JWTService[extractClaims] com.extwebtech.registration.util.JWTService.extractClaims(JWTService.java:86) Claims extracted from token. 
24-02-07 06:52:22  -022  INFO com.extwebtech.registration.util.JWTService[extractRole] com.extwebtech.registration.util.JWTService.extractRole(JWTService.java:78) Extracted role from token: 1 
24-02-07 06:52:22  -022  INFO com.extwebtech.registration.service.UserAddressService[findByUserId] com.extwebtech.registration.service.UserAddressService.findByUserId(UserAddressService.java:307) {} method completed successfully findByUserId 
24-02-07 06:53:04  -004  INFO com.extwebtech.registration.service.UserAddressService[updateAddress] com.extwebtech.registration.service.UserAddressService.updateAddress(UserAddressService.java:217) Starting {} method getAllCountryCodes 
24-02-07 06:53:04  -004  INFO com.extwebtech.registration.util.JWTService[extractClaims] com.extwebtech.registration.util.JWTService.extractClaims(JWTService.java:86) Claims extracted from token. 
24-02-07 06:53:04  -004  INFO com.extwebtech.registration.util.JWTService[isTokenExpired] com.extwebtech.registration.util.JWTService.isTokenExpired(JWTService.java:62) Token is still valid. 
24-02-07 06:53:04  -004  INFO com.extwebtech.registration.util.JWTService[extractClaims] com.extwebtech.registration.util.JWTService.extractClaims(JWTService.java:86) Claims extracted from token. 
24-02-07 06:53:04  -004  INFO com.extwebtech.registration.util.JWTService[extractUserId] com.extwebtech.registration.util.JWTService.extractUserId(JWTService.java:100) Extracted user ID from token: 1 
24-02-07 06:53:04  -004  INFO com.extwebtech.registration.util.JWTService[extractClaims] com.extwebtech.registration.util.JWTService.extractClaims(JWTService.java:86) Claims extracted from token. 
24-02-07 06:53:04  -004  INFO com.extwebtech.registration.util.JWTService[extractRole] com.extwebtech.registration.util.JWTService.extractRole(JWTService.java:78) Extracted role from token: 1 
24-02-07 06:53:04  -004  INFO com.extwebtech.registration.service.UserAddressService[updateAddress] com.extwebtech.registration.service.UserAddressService.updateAddress(UserAddressService.java:249) {} method completed successfully getAllCountryCodes 
24-02-08 03:34:14  -014  INFO com.extwebtech.registration.service.MobileLoginService[login] com.extwebtech.registration.service.MobileLoginService.login(MobileLoginService.java:198) Entering login method. 
24-02-08 03:34:14  -014  INFO com.extwebtech.registration.util.JWTService[generateToken] com.extwebtech.registration.util.JWTService.generateToken(JWTService.java:35) Token generated for: 2222222222 with role: 1, userId: 1, loginId: 15 
24-02-08 03:34:14  -014  INFO com.extwebtech.registration.service.MobileLoginService[login] com.extwebtech.registration.service.MobileLoginService.login(MobileLoginService.java:244) Exiting login method. 
24-02-08 03:35:34  -034  INFO com.extwebtech.registration.service.MobileLoginService[login] com.extwebtech.registration.service.MobileLoginService.login(MobileLoginService.java:198) Entering login method. 
24-02-08 03:35:34  -034  INFO com.extwebtech.registration.util.JWTService[generateToken] com.extwebtech.registration.util.JWTService.generateToken(JWTService.java:35) Token generated for: 1234567321 with role: 3, userId: 2, loginId: 16 
24-02-08 03:35:34  -034  INFO com.extwebtech.registration.service.MobileLoginService[login] com.extwebtech.registration.service.MobileLoginService.login(MobileLoginService.java:244) Exiting login method. 
24-02-09 06:13:22  -022  INFO com.extwebtech.registration.service.MobileLoginService[login] com.extwebtech.registration.service.MobileLoginService.login(MobileLoginService.java:198) Entering login method. 
24-02-09 06:13:22  -022  INFO com.extwebtech.registration.util.JWTService[generateToken] com.extwebtech.registration.util.JWTService.generateToken(JWTService.java:35) Token generated for: 2222222222 with role: 1, userId: 1, loginId: 12 
24-02-09 06:13:22  -022  INFO com.extwebtech.registration.service.MobileLoginService[login] com.extwebtech.registration.service.MobileLoginService.login(MobileLoginService.java:244) Exiting login method. 
24-02-14 10:33:42  -042  INFO com.extwebtech.registration.service.MobileLoginService[login] com.extwebtech.registration.service.MobileLoginService.login(MobileLoginService.java:198) Entering login method. 
24-02-14 10:33:42  -042  INFO com.extwebtech.registration.util.JWTService[generateToken] com.extwebtech.registration.util.JWTService.generateToken(JWTService.java:35) Token generated for: 1234567321 with role: 3, userId: 2, loginId: 16 
24-02-14 10:33:42  -042  INFO com.extwebtech.registration.service.MobileLoginService[login] com.extwebtech.registration.service.MobileLoginService.login(MobileLoginService.java:244) Exiting login method. 
24-02-14 10:42:39  -039  INFO com.extwebtech.registration.service.UserAddressService[getAddress] com.extwebtech.registration.service.UserAddressService.getAddress(UserAddressService.java:104) Starting {} method getAddress 
24-02-14 10:42:39  -039  INFO com.extwebtech.registration.util.JWTService[extractClaims] com.extwebtech.registration.util.JWTService.extractClaims(JWTService.java:86) Claims extracted from token. 
24-02-14 10:42:39  -039  INFO com.extwebtech.registration.util.JWTService[isTokenExpired] com.extwebtech.registration.util.JWTService.isTokenExpired(JWTService.java:62) Token is still valid. 
24-02-14 10:42:39  -039  INFO com.extwebtech.registration.util.JWTService[extractClaims] com.extwebtech.registration.util.JWTService.extractClaims(JWTService.java:86) Claims extracted from token. 
24-02-14 10:42:39  -039  INFO com.extwebtech.registration.util.JWTService[extractUserId] com.extwebtech.registration.util.JWTService.extractUserId(JWTService.java:100) Extracted user ID from token: 2 
24-02-14 10:42:39  -039  ERROR com.extwebtech.registration.service.UserAddressService[getAddress] com.extwebtech.registration.service.UserAddressService.getAddress(UserAddressService.java:132) Error in {} method getAddress 
com.extwebtech.registration.exception.AddressNotFoundException: Not Found
	at com.extwebtech.registration.service.UserAddressService.getAddress(UserAddressService.java:129)
	at java.base/jdk.internal.reflect.NativeMethodAccessorImpl.invoke0(Native Method)
	at java.base/jdk.internal.reflect.NativeMethodAccessorImpl.invoke(NativeMethodAccessorImpl.java:77)
	at java.base/jdk.internal.reflect.DelegatingMethodAccessorImpl.invoke(DelegatingMethodAccessorImpl.java:43)
	at java.base/java.lang.reflect.Method.invoke(Method.java:568)
	at org.springframework.aop.support.AopUtils.invokeJoinpointUsingReflection(AopUtils.java:343)
	at org.springframework.aop.framework.CglibAopProxy$DynamicAdvisedInterceptor.intercept(CglibAopProxy.java:704)
	at com.extwebtech.registration.service.UserAddressService$$SpringCGLIB$$0.getAddress(<generated>)
	at com.extwebtech.registration.controller.UserAddressController.getAddress(UserAddressController.java:73)
	at java.base/jdk.internal.reflect.NativeMethodAccessorImpl.invoke0(Native Method)
	at java.base/jdk.internal.reflect.NativeMethodAccessorImpl.invoke(NativeMethodAccessorImpl.java:77)
	at java.base/jdk.internal.reflect.DelegatingMethodAccessorImpl.invoke(DelegatingMethodAccessorImpl.java:43)
	at java.base/java.lang.reflect.Method.invoke(Method.java:568)
	at org.springframework.web.method.support.InvocableHandlerMethod.doInvoke(InvocableHandlerMethod.java:205)
	at org.springframework.web.method.support.InvocableHandlerMethod.invokeForRequest(InvocableHandlerMethod.java:150)
	at org.springframework.web.servlet.mvc.method.annotation.ServletInvocableHandlerMethod.invokeAndHandle(ServletInvocableHandlerMethod.java:118)
	at org.springframework.web.servlet.mvc.method.annotation.RequestMappingHandlerAdapter.invokeHandlerMethod(RequestMappingHandlerAdapter.java:884)
	at org.springframework.web.servlet.mvc.method.annotation.RequestMappingHandlerAdapter.handleInternal(RequestMappingHandlerAdapter.java:797)
	at org.springframework.web.servlet.mvc.method.AbstractHandlerMethodAdapter.handle(AbstractHandlerMethodAdapter.java:87)
	at org.springframework.web.servlet.DispatcherServlet.doDispatch(DispatcherServlet.java:1081)
	at org.springframework.web.servlet.DispatcherServlet.doService(DispatcherServlet.java:974)
	at org.springframework.web.servlet.FrameworkServlet.processRequest(FrameworkServlet.java:1011)
	at org.springframework.web.servlet.FrameworkServlet.doGet(FrameworkServlet.java:903)
	at jakarta.servlet.http.HttpServlet.service(HttpServlet.java:564)
	at org.springframework.web.servlet.FrameworkServlet.service(FrameworkServlet.java:885)
	at jakarta.servlet.http.HttpServlet.service(HttpServlet.java:658)
	at org.apache.catalina.core.ApplicationFilterChain.internalDoFilter(ApplicationFilterChain.java:205)
	at org.apache.catalina.core.ApplicationFilterChain.doFilter(ApplicationFilterChain.java:149)
	at org.apache.tomcat.websocket.server.WsFilter.doFilter(WsFilter.java:51)
	at org.apache.catalina.core.ApplicationFilterChain.internalDoFilter(ApplicationFilterChain.java:174)
	at org.apache.catalina.core.ApplicationFilterChain.doFilter(ApplicationFilterChain.java:149)
	at org.springframework.web.filter.RequestContextFilter.doFilterInternal(RequestContextFilter.java:100)
	at org.springframework.web.filter.OncePerRequestFilter.doFilter(OncePerRequestFilter.java:116)
	at org.apache.catalina.core.ApplicationFilterChain.internalDoFilter(ApplicationFilterChain.java:174)
	at org.apache.catalina.core.ApplicationFilterChain.doFilter(ApplicationFilterChain.java:149)
	at org.springframework.web.filter.FormContentFilter.doFilterInternal(FormContentFilter.java:93)
	at org.springframework.web.filter.OncePerRequestFilter.doFilter(OncePerRequestFilter.java:116)
	at org.apache.catalina.core.ApplicationFilterChain.internalDoFilter(ApplicationFilterChain.java:174)
	at org.apache.catalina.core.ApplicationFilterChain.doFilter(ApplicationFilterChain.java:149)
	at org.springframework.web.filter.CharacterEncodingFilter.doFilterInternal(CharacterEncodingFilter.java:201)
	at org.springframework.web.filter.OncePerRequestFilter.doFilter(OncePerRequestFilter.java:116)
	at org.apache.catalina.core.ApplicationFilterChain.internalDoFilter(ApplicationFilterChain.java:174)
	at org.apache.catalina.core.ApplicationFilterChain.doFilter(ApplicationFilterChain.java:149)
	at org.apache.catalina.core.StandardWrapperValve.invoke(StandardWrapperValve.java:166)
	at org.apache.catalina.core.StandardContextValve.invoke(StandardContextValve.java:90)
	at org.apache.catalina.authenticator.AuthenticatorBase.invoke(AuthenticatorBase.java:482)
	at org.apache.catalina.core.StandardHostValve.invoke(StandardHostValve.java:115)
	at org.apache.catalina.valves.ErrorReportValve.invoke(ErrorReportValve.java:93)
	at org.apache.catalina.core.StandardEngineValve.invoke(StandardEngineValve.java:74)
	at org.apache.catalina.connector.CoyoteAdapter.service(CoyoteAdapter.java:341)
	at org.apache.coyote.http11.Http11Processor.service(Http11Processor.java:391)
	at org.apache.coyote.AbstractProcessorLight.process(AbstractProcessorLight.java:63)
	at org.apache.coyote.AbstractProtocol$ConnectionHandler.process(AbstractProtocol.java:894)
	at org.apache.tomcat.util.net.NioEndpoint$SocketProcessor.doRun(NioEndpoint.java:1740)
	at org.apache.tomcat.util.net.SocketProcessorBase.run(SocketProcessorBase.java:52)
	at org.apache.tomcat.util.threads.ThreadPoolExecutor.runWorker(ThreadPoolExecutor.java:1191)
	at org.apache.tomcat.util.threads.ThreadPoolExecutor$Worker.run(ThreadPoolExecutor.java:659)
	at org.apache.tomcat.util.threads.TaskThread$WrappingRunnable.run(TaskThread.java:61)
	at java.base/java.lang.Thread.run(Thread.java:833)
24-02-14 10:42:45  -045  INFO com.extwebtech.registration.service.UserAddressService[findByUserId] com.extwebtech.registration.service.UserAddressService.findByUserId(UserAddressService.java:281) Starting {} method findByUserId 
24-02-14 10:42:45  -045  INFO com.extwebtech.registration.util.JWTService[extractClaims] com.extwebtech.registration.util.JWTService.extractClaims(JWTService.java:86) Claims extracted from token. 
24-02-14 10:42:45  -045  INFO com.extwebtech.registration.util.JWTService[isTokenExpired] com.extwebtech.registration.util.JWTService.isTokenExpired(JWTService.java:62) Token is still valid. 
24-02-14 10:42:45  -045  INFO com.extwebtech.registration.util.JWTService[extractClaims] com.extwebtech.registration.util.JWTService.extractClaims(JWTService.java:86) Claims extracted from token. 
24-02-14 10:42:45  -045  INFO com.extwebtech.registration.util.JWTService[extractUserId] com.extwebtech.registration.util.JWTService.extractUserId(JWTService.java:100) Extracted user ID from token: 2 
24-02-14 10:42:45  -045  INFO com.extwebtech.registration.util.JWTService[extractClaims] com.extwebtech.registration.util.JWTService.extractClaims(JWTService.java:86) Claims extracted from token. 
24-02-14 10:42:45  -045  INFO com.extwebtech.registration.util.JWTService[extractRole] com.extwebtech.registration.util.JWTService.extractRole(JWTService.java:78) Extracted role from token: 3 
24-02-14 10:43:04  -004  INFO com.extwebtech.registration.service.UserAddressService[createAddress] com.extwebtech.registration.service.UserAddressService.createAddress(UserAddressService.java:55) Starting {} method createAddress 
24-02-14 10:43:04  -004  INFO com.extwebtech.registration.util.JWTService[extractClaims] com.extwebtech.registration.util.JWTService.extractClaims(JWTService.java:86) Claims extracted from token. 
24-02-14 10:43:04  -004  INFO com.extwebtech.registration.util.JWTService[isTokenExpired] com.extwebtech.registration.util.JWTService.isTokenExpired(JWTService.java:62) Token is still valid. 
24-02-14 10:43:04  -004  INFO com.extwebtech.registration.util.JWTService[extractClaims] com.extwebtech.registration.util.JWTService.extractClaims(JWTService.java:86) Claims extracted from token. 
24-02-14 10:43:04  -004  INFO com.extwebtech.registration.util.JWTService[extractUserId] com.extwebtech.registration.util.JWTService.extractUserId(JWTService.java:100) Extracted user ID from token: 2 
24-02-14 10:43:04  -004  INFO com.extwebtech.registration.util.JWTService[extractClaims] com.extwebtech.registration.util.JWTService.extractClaims(JWTService.java:86) Claims extracted from token. 
24-02-14 10:43:04  -004  INFO com.extwebtech.registration.util.JWTService[extractRole] com.extwebtech.registration.util.JWTService.extractRole(JWTService.java:78) Extracted role from token: 3 
24-02-14 10:43:04  -004  ERROR com.extwebtech.registration.service.UserAddressService[createAddress] com.extwebtech.registration.service.UserAddressService.createAddress(UserAddressService.java:86) Error in {} method createAddress 
org.springframework.dao.DataIntegrityViolationException: could not execute statement [ERROR: duplicate key value violates unique constraint "useraddress_pkey"
  Detail: Key (id)=(3) already exists.] [insert into userAddress (address_type,city,country,created_date,extra_field,house_building_name,is_default,latitude,longitude,mobile_number,name,postal_code,state,street_address,title,updated_date,user_id) values (?,?,?,?,?,?,?,?,?,?,?,?,?,?,?,?,?)]; SQL [insert into userAddress (address_type,city,country,created_date,extra_field,house_building_name,is_default,latitude,longitude,mobile_number,name,postal_code,state,street_address,title,updated_date,user_id) values (?,?,?,?,?,?,?,?,?,?,?,?,?,?,?,?,?)]; constraint [useraddress_pkey]
	at org.springframework.orm.jpa.vendor.HibernateJpaDialect.convertHibernateAccessException(HibernateJpaDialect.java:269)
	at org.springframework.orm.jpa.vendor.HibernateJpaDialect.translateExceptionIfPossible(HibernateJpaDialect.java:229)
	at org.springframework.orm.jpa.AbstractEntityManagerFactoryBean.translateExceptionIfPossible(AbstractEntityManagerFactoryBean.java:550)
	at org.springframework.dao.support.ChainedPersistenceExceptionTranslator.translateExceptionIfPossible(ChainedPersistenceExceptionTranslator.java:61)
	at org.springframework.dao.support.DataAccessUtils.translateIfNecessary(DataAccessUtils.java:242)
	at org.springframework.dao.support.PersistenceExceptionTranslationInterceptor.invoke(PersistenceExceptionTranslationInterceptor.java:152)
	at org.springframework.aop.framework.ReflectiveMethodInvocation.proceed(ReflectiveMethodInvocation.java:184)
	at org.springframework.data.jpa.repository.support.CrudMethodMetadataPostProcessor$CrudMethodMetadataPopulatingMethodInterceptor.invoke(CrudMethodMetadataPostProcessor.java:164)
	at org.springframework.aop.framework.ReflectiveMethodInvocation.proceed(ReflectiveMethodInvocation.java:184)
	at org.springframework.aop.interceptor.ExposeInvocationInterceptor.invoke(ExposeInvocationInterceptor.java:97)
	at org.springframework.aop.framework.ReflectiveMethodInvocation.proceed(ReflectiveMethodInvocation.java:184)
	at org.springframework.aop.framework.JdkDynamicAopProxy.invoke(JdkDynamicAopProxy.java:244)
	at jdk.proxy4/jdk.proxy4.$Proxy149.save(Unknown Source)
	at com.extwebtech.registration.service.UserAddressService.createAddress(UserAddressService.java:77)
	at java.base/jdk.internal.reflect.NativeMethodAccessorImpl.invoke0(Native Method)
	at java.base/jdk.internal.reflect.NativeMethodAccessorImpl.invoke(NativeMethodAccessorImpl.java:77)
	at java.base/jdk.internal.reflect.DelegatingMethodAccessorImpl.invoke(DelegatingMethodAccessorImpl.java:43)
	at java.base/java.lang.reflect.Method.invoke(Method.java:568)
	at org.springframework.aop.support.AopUtils.invokeJoinpointUsingReflection(AopUtils.java:343)
	at org.springframework.aop.framework.ReflectiveMethodInvocation.invokeJoinpoint(ReflectiveMethodInvocation.java:196)
	at org.springframework.aop.framework.ReflectiveMethodInvocation.proceed(ReflectiveMethodInvocation.java:163)
	at org.springframework.aop.framework.CglibAopProxy$CglibMethodInvocation.proceed(CglibAopProxy.java:756)
	at org.springframework.transaction.interceptor.TransactionInterceptor$1.proceedWithInvocation(TransactionInterceptor.java:123)
	at org.springframework.transaction.interceptor.TransactionAspectSupport.invokeWithinTransaction(TransactionAspectSupport.java:391)
	at org.springframework.transaction.interceptor.TransactionInterceptor.invoke(TransactionInterceptor.java:119)
	at org.springframework.aop.framework.ReflectiveMethodInvocation.proceed(ReflectiveMethodInvocation.java:184)
	at org.springframework.aop.framework.CglibAopProxy$CglibMethodInvocation.proceed(CglibAopProxy.java:756)
	at org.springframework.aop.framework.CglibAopProxy$DynamicAdvisedInterceptor.intercept(CglibAopProxy.java:708)
	at com.extwebtech.registration.service.UserAddressService$$SpringCGLIB$$0.createAddress(<generated>)
	at com.extwebtech.registration.controller.UserAddressController.createAddress(UserAddressController.java:57)
	at java.base/jdk.internal.reflect.NativeMethodAccessorImpl.invoke0(Native Method)
	at java.base/jdk.internal.reflect.NativeMethodAccessorImpl.invoke(NativeMethodAccessorImpl.java:77)
	at java.base/jdk.internal.reflect.DelegatingMethodAccessorImpl.invoke(DelegatingMethodAccessorImpl.java:43)
	at java.base/java.lang.reflect.Method.invoke(Method.java:568)
	at org.springframework.web.method.support.InvocableHandlerMethod.doInvoke(InvocableHandlerMethod.java:205)
	at org.springframework.web.method.support.InvocableHandlerMethod.invokeForRequest(InvocableHandlerMethod.java:150)
	at org.springframework.web.servlet.mvc.method.annotation.ServletInvocableHandlerMethod.invokeAndHandle(ServletInvocableHandlerMethod.java:118)
	at org.springframework.web.servlet.mvc.method.annotation.RequestMappingHandlerAdapter.invokeHandlerMethod(RequestMappingHandlerAdapter.java:884)
	at org.springframework.web.servlet.mvc.method.annotation.RequestMappingHandlerAdapter.handleInternal(RequestMappingHandlerAdapter.java:797)
	at org.springframework.web.servlet.mvc.method.AbstractHandlerMethodAdapter.handle(AbstractHandlerMethodAdapter.java:87)
	at org.springframework.web.servlet.DispatcherServlet.doDispatch(DispatcherServlet.java:1081)
	at org.springframework.web.servlet.DispatcherServlet.doService(DispatcherServlet.java:974)
	at org.springframework.web.servlet.FrameworkServlet.processRequest(FrameworkServlet.java:1011)
	at org.springframework.web.servlet.FrameworkServlet.doPost(FrameworkServlet.java:914)
	at jakarta.servlet.http.HttpServlet.service(HttpServlet.java:590)
	at org.springframework.web.servlet.FrameworkServlet.service(FrameworkServlet.java:885)
	at jakarta.servlet.http.HttpServlet.service(HttpServlet.java:658)
	at org.apache.catalina.core.ApplicationFilterChain.internalDoFilter(ApplicationFilterChain.java:205)
	at org.apache.catalina.core.ApplicationFilterChain.doFilter(ApplicationFilterChain.java:149)
	at org.apache.tomcat.websocket.server.WsFilter.doFilter(WsFilter.java:51)
	at org.apache.catalina.core.ApplicationFilterChain.internalDoFilter(ApplicationFilterChain.java:174)
	at org.apache.catalina.core.ApplicationFilterChain.doFilter(ApplicationFilterChain.java:149)
	at org.springframework.web.filter.RequestContextFilter.doFilterInternal(RequestContextFilter.java:100)
	at org.springframework.web.filter.OncePerRequestFilter.doFilter(OncePerRequestFilter.java:116)
	at org.apache.catalina.core.ApplicationFilterChain.internalDoFilter(ApplicationFilterChain.java:174)
	at org.apache.catalina.core.ApplicationFilterChain.doFilter(ApplicationFilterChain.java:149)
	at org.springframework.web.filter.FormContentFilter.doFilterInternal(FormContentFilter.java:93)
	at org.springframework.web.filter.OncePerRequestFilter.doFilter(OncePerRequestFilter.java:116)
	at org.apache.catalina.core.ApplicationFilterChain.internalDoFilter(ApplicationFilterChain.java:174)
	at org.apache.catalina.core.ApplicationFilterChain.doFilter(ApplicationFilterChain.java:149)
	at org.springframework.web.filter.CharacterEncodingFilter.doFilterInternal(CharacterEncodingFilter.java:201)
	at org.springframework.web.filter.OncePerRequestFilter.doFilter(OncePerRequestFilter.java:116)
	at org.apache.catalina.core.ApplicationFilterChain.internalDoFilter(ApplicationFilterChain.java:174)
	at org.apache.catalina.core.ApplicationFilterChain.doFilter(ApplicationFilterChain.java:149)
	at org.apache.catalina.core.StandardWrapperValve.invoke(StandardWrapperValve.java:166)
	at org.apache.catalina.core.StandardContextValve.invoke(StandardContextValve.java:90)
	at org.apache.catalina.authenticator.AuthenticatorBase.invoke(AuthenticatorBase.java:482)
	at org.apache.catalina.core.StandardHostValve.invoke(StandardHostValve.java:115)
	at org.apache.catalina.valves.ErrorReportValve.invoke(ErrorReportValve.java:93)
	at org.apache.catalina.core.StandardEngineValve.invoke(StandardEngineValve.java:74)
	at org.apache.catalina.connector.CoyoteAdapter.service(CoyoteAdapter.java:341)
	at org.apache.coyote.http11.Http11Processor.service(Http11Processor.java:391)
	at org.apache.coyote.AbstractProcessorLight.process(AbstractProcessorLight.java:63)
	at org.apache.coyote.AbstractProtocol$ConnectionHandler.process(AbstractProtocol.java:894)
	at org.apache.tomcat.util.net.NioEndpoint$SocketProcessor.doRun(NioEndpoint.java:1740)
	at org.apache.tomcat.util.net.SocketProcessorBase.run(SocketProcessorBase.java:52)
	at org.apache.tomcat.util.threads.ThreadPoolExecutor.runWorker(ThreadPoolExecutor.java:1191)
	at org.apache.tomcat.util.threads.ThreadPoolExecutor$Worker.run(ThreadPoolExecutor.java:659)
	at org.apache.tomcat.util.threads.TaskThread$WrappingRunnable.run(TaskThread.java:61)
	at java.base/java.lang.Thread.run(Thread.java:833)
Caused by: org.hibernate.exception.ConstraintViolationException: could not execute statement [ERROR: duplicate key value violates unique constraint "useraddress_pkey"
  Detail: Key (id)=(3) already exists.] [insert into userAddress (address_type,city,country,created_date,extra_field,house_building_name,is_default,latitude,longitude,mobile_number,name,postal_code,state,street_address,title,updated_date,user_id) values (?,?,?,?,?,?,?,?,?,?,?,?,?,?,?,?,?)]
	at org.hibernate.exception.internal.SQLStateConversionDelegate.convert(SQLStateConversionDelegate.java:95)
	at org.hibernate.exception.internal.StandardSQLExceptionConverter.convert(StandardSQLExceptionConverter.java:56)
	at org.hibernate.engine.jdbc.spi.SqlExceptionHelper.convert(SqlExceptionHelper.java:108)
	at org.hibernate.engine.jdbc.internal.ResultSetReturnImpl.executeUpdate(ResultSetReturnImpl.java:278)
	at org.hibernate.id.insert.GetGeneratedKeysDelegate.performInsert(GetGeneratedKeysDelegate.java:107)
	at org.hibernate.engine.jdbc.mutation.internal.MutationExecutorPostInsertSingleTable.execute(MutationExecutorPostInsertSingleTable.java:101)
	at org.hibernate.persister.entity.mutation.InsertCoordinator.doStaticInserts(InsertCoordinator.java:169)
	at org.hibernate.persister.entity.mutation.InsertCoordinator.coordinateInsert(InsertCoordinator.java:111)
	at org.hibernate.persister.entity.AbstractEntityPersister.insert(AbstractEntityPersister.java:2757)
	at org.hibernate.action.internal.EntityIdentityInsertAction.execute(EntityIdentityInsertAction.java:81)
	at org.hibernate.engine.spi.ActionQueue.execute(ActionQueue.java:674)
	at org.hibernate.engine.spi.ActionQueue.addResolvedEntityInsertAction(ActionQueue.java:291)
	at org.hibernate.engine.spi.ActionQueue.addInsertAction(ActionQueue.java:272)
	at org.hibernate.engine.spi.ActionQueue.addAction(ActionQueue.java:322)
	at org.hibernate.event.internal.AbstractSaveEventListener.addInsertAction(AbstractSaveEventListener.java:363)
	at org.hibernate.event.internal.AbstractSaveEventListener.performSaveOrReplicate(AbstractSaveEventListener.java:277)
	at org.hibernate.event.internal.AbstractSaveEventListener.performSave(AbstractSaveEventListener.java:180)
	at org.hibernate.event.internal.AbstractSaveEventListener.saveWithGeneratedId(AbstractSaveEventListener.java:140)
	at org.hibernate.event.internal.DefaultMergeEventListener.saveTransientEntity(DefaultMergeEventListener.java:313)
	at org.hibernate.event.internal.DefaultMergeEventListener.entityIsTransient(DefaultMergeEventListener.java:235)
	at org.hibernate.event.internal.DefaultMergeEventListener.entityIsDetached(DefaultMergeEventListener.java:345)
	at org.hibernate.event.internal.DefaultMergeEventListener.merge(DefaultMergeEventListener.java:149)
	at org.hibernate.event.internal.DefaultMergeEventListener.doMerge(DefaultMergeEventListener.java:142)
	at org.hibernate.event.internal.DefaultMergeEventListener.onMerge(DefaultMergeEventListener.java:126)
	at org.hibernate.event.internal.DefaultMergeEventListener.onMerge(DefaultMergeEventListener.java:80)
	at org.hibernate.event.service.internal.EventListenerGroupImpl.fireEventOnEachListener(EventListenerGroupImpl.java:127)
	at org.hibernate.internal.SessionImpl.fireMerge(SessionImpl.java:848)
	at org.hibernate.internal.SessionImpl.merge(SessionImpl.java:834)
	at java.base/jdk.internal.reflect.NativeMethodAccessorImpl.invoke0(Native Method)
	at java.base/jdk.internal.reflect.NativeMethodAccessorImpl.invoke(NativeMethodAccessorImpl.java:77)
	at java.base/jdk.internal.reflect.DelegatingMethodAccessorImpl.invoke(DelegatingMethodAccessorImpl.java:43)
	at java.base/java.lang.reflect.Method.invoke(Method.java:568)
	at org.springframework.orm.jpa.ExtendedEntityManagerCreator$ExtendedEntityManagerInvocationHandler.invoke(ExtendedEntityManagerCreator.java:360)
	at jdk.proxy4/jdk.proxy4.$Proxy131.merge(Unknown Source)
	at java.base/jdk.internal.reflect.NativeMethodAccessorImpl.invoke0(Native Method)
	at java.base/jdk.internal.reflect.NativeMethodAccessorImpl.invoke(NativeMethodAccessorImpl.java:77)
	at java.base/jdk.internal.reflect.DelegatingMethodAccessorImpl.invoke(DelegatingMethodAccessorImpl.java:43)
	at java.base/java.lang.reflect.Method.invoke(Method.java:568)
	at org.springframework.orm.jpa.SharedEntityManagerCreator$SharedEntityManagerInvocationHandler.invoke(SharedEntityManagerCreator.java:311)
	at jdk.proxy4/jdk.proxy4.$Proxy131.merge(Unknown Source)
	at org.springframework.data.jpa.repository.support.SimpleJpaRepository.save(SimpleJpaRepository.java:620)
	at java.base/jdk.internal.reflect.NativeMethodAccessorImpl.invoke0(Native Method)
	at java.base/jdk.internal.reflect.NativeMethodAccessorImpl.invoke(NativeMethodAccessorImpl.java:77)
	at java.base/jdk.internal.reflect.DelegatingMethodAccessorImpl.invoke(DelegatingMethodAccessorImpl.java:43)
	at java.base/java.lang.reflect.Method.invoke(Method.java:568)
	at org.springframework.data.repository.core.support.RepositoryMethodInvoker$RepositoryFragmentMethodInvoker.lambda$new$0(RepositoryMethodInvoker.java:288)
	at org.springframework.data.repository.core.support.RepositoryMethodInvoker.doInvoke(RepositoryMethodInvoker.java:136)
	at org.springframework.data.repository.core.support.RepositoryMethodInvoker.invoke(RepositoryMethodInvoker.java:120)
	at org.springframework.data.repository.core.support.RepositoryComposition$RepositoryFragments.invoke(RepositoryComposition.java:516)
	at org.springframework.data.repository.core.support.RepositoryComposition.invoke(RepositoryComposition.java:285)
	at org.springframework.data.repository.core.support.RepositoryFactorySupport$ImplementationMethodExecutionInterceptor.invoke(RepositoryFactorySupport.java:628)
	at org.springframework.aop.framework.ReflectiveMethodInvocation.proceed(ReflectiveMethodInvocation.java:184)
	at org.springframework.data.repository.core.support.QueryExecutorMethodInterceptor.doInvoke(QueryExecutorMethodInterceptor.java:168)
	at org.springframework.data.repository.core.support.QueryExecutorMethodInterceptor.invoke(QueryExecutorMethodInterceptor.java:143)
	at org.springframework.aop.framework.ReflectiveMethodInvocation.proceed(ReflectiveMethodInvocation.java:184)
	at org.springframework.data.projection.DefaultMethodInvokingMethodInterceptor.invoke(DefaultMethodInvokingMethodInterceptor.java:72)
	at org.springframework.aop.framework.ReflectiveMethodInvocation.proceed(ReflectiveMethodInvocation.java:184)
	at org.springframework.transaction.interceptor.TransactionInterceptor$1.proceedWithInvocation(TransactionInterceptor.java:123)
	at org.springframework.transaction.interceptor.TransactionAspectSupport.invokeWithinTransaction(TransactionAspectSupport.java:391)
	at org.springframework.transaction.interceptor.TransactionInterceptor.invoke(TransactionInterceptor.java:119)
	at org.springframework.aop.framework.ReflectiveMethodInvocation.proceed(ReflectiveMethodInvocation.java:184)
	at org.springframework.dao.support.PersistenceExceptionTranslationInterceptor.invoke(PersistenceExceptionTranslationInterceptor.java:137)
	... 74 more
Caused by: org.postgresql.util.PSQLException: ERROR: duplicate key value violates unique constraint "useraddress_pkey"
  Detail: Key (id)=(3) already exists.
	at org.postgresql.core.v3.QueryExecutorImpl.receiveErrorResponse(QueryExecutorImpl.java:2713)
	at org.postgresql.core.v3.QueryExecutorImpl.processResults(QueryExecutorImpl.java:2401)
	at org.postgresql.core.v3.QueryExecutorImpl.execute(QueryExecutorImpl.java:368)
	at org.postgresql.jdbc.PgStatement.executeInternal(PgStatement.java:498)
	at org.postgresql.jdbc.PgStatement.execute(PgStatement.java:415)
	at org.postgresql.jdbc.PgPreparedStatement.executeWithFlags(PgPreparedStatement.java:190)
	at org.postgresql.jdbc.PgPreparedStatement.executeUpdate(PgPreparedStatement.java:152)
	at com.zaxxer.hikari.pool.ProxyPreparedStatement.executeUpdate(ProxyPreparedStatement.java:61)
	at com.zaxxer.hikari.pool.HikariProxyPreparedStatement.executeUpdate(HikariProxyPreparedStatement.java)
	at org.hibernate.engine.jdbc.internal.ResultSetReturnImpl.executeUpdate(ResultSetReturnImpl.java:275)
	... 132 more
24-02-14 10:43:22  -022  INFO com.extwebtech.registration.service.UserAddressService[createAddress] com.extwebtech.registration.service.UserAddressService.createAddress(UserAddressService.java:55) Starting {} method createAddress 
24-02-14 10:43:22  -022  INFO com.extwebtech.registration.util.JWTService[extractClaims] com.extwebtech.registration.util.JWTService.extractClaims(JWTService.java:86) Claims extracted from token. 
24-02-14 10:43:22  -022  INFO com.extwebtech.registration.util.JWTService[isTokenExpired] com.extwebtech.registration.util.JWTService.isTokenExpired(JWTService.java:62) Token is still valid. 
24-02-14 10:43:22  -022  INFO com.extwebtech.registration.util.JWTService[extractClaims] com.extwebtech.registration.util.JWTService.extractClaims(JWTService.java:86) Claims extracted from token. 
24-02-14 10:43:22  -022  INFO com.extwebtech.registration.util.JWTService[extractUserId] com.extwebtech.registration.util.JWTService.extractUserId(JWTService.java:100) Extracted user ID from token: 2 
24-02-14 10:43:22  -022  INFO com.extwebtech.registration.util.JWTService[extractClaims] com.extwebtech.registration.util.JWTService.extractClaims(JWTService.java:86) Claims extracted from token. 
24-02-14 10:43:22  -022  INFO com.extwebtech.registration.util.JWTService[extractRole] com.extwebtech.registration.util.JWTService.extractRole(JWTService.java:78) Extracted role from token: 3 
24-02-14 10:43:22  -022  INFO com.extwebtech.registration.service.UserAddressService[createAddress] com.extwebtech.registration.service.UserAddressService.createAddress(UserAddressService.java:83) {} method completed successfully createAddress UserAddress(addressId=4, userId=2, streetAddress=madhapur, city=string, postalCode=string, country=string, state=string, houseBuildingName=string, createdDate=2024-02-14 10:43:22.17, updatedDate=2024-02-14 10:43:22.17, title=string, isDefaultAddress=true, latitude=0.0, longitude=0.0, extraField1=string, addressType=string, mobileNumber=string, name=string) 
24-02-14 11:25:19  -019  INFO com.extwebtech.registration.service.MobileLoginService[login] com.extwebtech.registration.service.MobileLoginService.login(MobileLoginService.java:198) Entering login method. 
24-02-14 11:25:19  -019  INFO com.extwebtech.registration.util.JWTService[generateToken] com.extwebtech.registration.util.JWTService.generateToken(JWTService.java:35) Token generated for: 2222222222 with role: 2, userId: 1, loginId: 12 
24-02-14 11:25:19  -019  INFO com.extwebtech.registration.service.MobileLoginService[login] com.extwebtech.registration.service.MobileLoginService.login(MobileLoginService.java:244) Exiting login method. 
24-02-14 01:19:58  -058  INFO com.extwebtech.registration.service.MobileLoginService[login] com.extwebtech.registration.service.MobileLoginService.login(MobileLoginService.java:198) Entering login method. 
24-02-14 01:19:58  -058  INFO com.extwebtech.registration.util.JWTService[generateToken] com.extwebtech.registration.util.JWTService.generateToken(JWTService.java:35) Token generated for: 1234567321 with role: 3, userId: 2, loginId: 16 
24-02-14 01:19:58  -058  INFO com.extwebtech.registration.service.MobileLoginService[login] com.extwebtech.registration.service.MobileLoginService.login(MobileLoginService.java:244) Exiting login method. 
24-02-14 01:46:23  -023  INFO com.extwebtech.registration.service.MobileLoginService[login] com.extwebtech.registration.service.MobileLoginService.login(MobileLoginService.java:198) Entering login method. 
24-02-14 01:46:23  -023  INFO com.extwebtech.registration.util.JWTService[generateToken] com.extwebtech.registration.util.JWTService.generateToken(JWTService.java:35) Token generated for: 2222222222 with role: 2, userId: 1, loginId: 12 
24-02-14 01:46:23  -023  INFO com.extwebtech.registration.service.MobileLoginService[login] com.extwebtech.registration.service.MobileLoginService.login(MobileLoginService.java:244) Exiting login method. 
